Background deadlock detector is running...
Train Arrived at the lane from the South direction
Train Arrived at the lane from the North direction
Train Exited the lane from the South direction
Train Arrived at the lane from the North direction
Train Exited the lane from the North direction
Train Arrived at the lane from the South direction
Train Arrived at the lane from the East direction
Train Exited the lane from the South direction
Train Arrived at the lane from the West direction
Train Exited the lane from the West direction
Train Arrived at the lane from the North direction
Train Exited the lane from the North direction
Train Arrived at the lane from the East direction
Train Exited the lane from the East direction
Train Arrived at the lane from the South direction
Train Exited the lane from the South direction
Train Arrived at the lane from the West direction
Train Exited the lane from the West direction
Train Arrived at the lane from the North direction
Train Exited the lane from the North direction
Train Arrived at the lane from the South direction
Train Exited the lane from the North direction
Train Arrived at the lane from the East direction
Train Exited the lane from the East direction
Train Arrived at the lane from the South direction
Train Exited the lane from the South direction
Train Arrived at the lane from the West direction
Train Exited the lane from the West direction
Train Arrived at the lane from the North direction
Train Exited the lane from the North direction
Train Arrived at the lane from the East direction
Train Exited the lane from the East direction
Train Arrived at the lane from the South direction
Train Exited the lane from the South direction
Train Arrived at the lane from the West direction
Train Exited the lane from the West direction
Train Arrived at the lane from the North direction
Train Exited the lane from the North direction
Train Arrived at the lane from the East direction
Train Exited the lane from the East direction
Train Arrived at the lane from the South direction
Train Exited the lane from the South direction
Train Arrived at the lane from the West direction
Train Exited the lane from the West direction
Train Arrived at the lane from the North direction
Train Exited the lane from the North direction
Train Arrived at the lane from the East direction
Train Exited the lane from the East direction
Train Arrived at the lane from the South direction
Train Exited the lane from the South direction
Train Arrived at the lane from the West direction
Train Exited the lane from the West direction
Train Arrived at the lane from the North direction
Train Exited the lane from the North direction
Train Arrived at the lane from the East direction
Train Exited the lane from the East direction
Train Arrived at the lane from the South direction
Train Exited the lane from the South direction
Train Arrived at the lane from the West direction
Train Exited the lane from the West direction
Train Arrived at the lane from the North direction
Train Exited the lane from the North direction
Train Arrived at the lane from the South direction
Train Exited the lane from the North direction
Train Arrived at the lane from the East direction
Train Exited the lane from the East direction
Train Arrived at the lane from the South direction
Train Exited the lane from the South direction
Train Arrived at the lane from the West direction
Train Exited the lane from the West direction
Train Exited the lane from the North direction
Train Arrived at the lane from the East direction
Train Exited the lane from the East direction
Train Arrived at the lane from the South direction
Train Exited the lane from the West direction
Train Exited the lane from the North direction
Train Arrived at the lane from the South direction
Train Exited the lane from the North direction
Train Arrived at the lane from the South direction
Train Arrived at the lane from the East direction
Train Exited the lane from the West direction
Train Exited the lane from the North direction
Train Arrived at the lane from the South direction
Train Exited the lane from the North direction
Train Arrived at the lane from the East direction
Train Exited the lane from the West direction
Train Arrived at the lane from the East direction
Train Exited the lane from the West direction
Train Arrived at the lane from the East direction
Train Exited the lane from the West direction
Train Arrived at the lane from the East direction
Train Exited the lane from the West direction
Train Arrived at the lane from the East direction
Train Exited the lane from the West direction
Train Arrived at the lane from the East direction
Train Exited the lane from the West direction
Train Arrived at the lane from the East direction
Train Exited the lane from the West direction
Train Arrived at the lane from the East direction
Train Exited the lane from the West direction
